CRITICAL - 2021-11-30 04:50:18 --> Call to a member function insert() on null
#0 C:\xamppp\htdocs\websurat\vendor\codeigniter4\framework\system\CodeIgniter.php(928): App\Controllers\UserSuratMasukController->store()
#1 C:\xamppp\htdocs\websurat\vendor\codeigniter4\framework\system\CodeIgniter.php(436): CodeIgniter\CodeIgniter->runController(Object(App\Controllers\UserSuratMasukController))
#2 C:\xamppp\htdocs\websurat\vendor\codeigniter4\framework\system\CodeIgniter.php(336): CodeIgniter\CodeIgniter->handleRequest(NULL, Object(Config\Cache), false)
#3 C:\xamppp\htdocs\websurat\public\index.php(37): CodeIgniter\CodeIgniter->run()
#4 C:\xamppp\htdocs\websurat\vendor\codeigniter4\framework\system\Commands\Server\rewrite.php(45): require_once('C:\\xamppp\\htdoc...')
#5 {main}
CRITICAL - 2021-11-30 05:35:11 --> Undefined array key "dok"
#0 C:\xamppp\htdocs\websurat\app\Views\suratmasuk\index.php(55): CodeIgniter\Debug\Exceptions->errorHandler(2, 'Undefined array...', 'C:\\xamppp\\htdoc...', 55)
#1 C:\xamppp\htdocs\websurat\vendor\codeigniter4\framework\system\View\View.php(230): include('C:\\xamppp\\htdoc...')
#2 C:\xamppp\htdocs\websurat\vendor\codeigniter4\framework\system\View\View.php(232): CodeIgniter\View\View->CodeIgniter\View\{closure}()
#3 C:\xamppp\htdocs\websurat\vendor\codeigniter4\framework\system\Common.php(1271): CodeIgniter\View\View->render('suratmasuk/inde...', Array, true)
#4 C:\xamppp\htdocs\websurat\app\Controllers\AdminSuratMasukController.php(14): view('suratmasuk/inde...', Array)
#5 C:\xamppp\htdocs\websurat\vendor\codeigniter4\framework\system\CodeIgniter.php(928): App\Controllers\AdminSuratMasukController->index()
#6 C:\xamppp\htdocs\websurat\vendor\codeigniter4\framework\system\CodeIgniter.php(436): CodeIgniter\CodeIgniter->runController(Object(App\Controllers\AdminSuratMasukController))
#7 C:\xamppp\htdocs\websurat\vendor\codeigniter4\framework\system\CodeIgniter.php(336): CodeIgniter\CodeIgniter->handleRequest(NULL, Object(Config\Cache), false)
#8 C:\xamppp\htdocs\websurat\public\index.php(37): CodeIgniter\CodeIgniter->run()
#9 C:\xamppp\htdocs\websurat\vendor\codeigniter4\framework\system\Commands\Server\rewrite.php(45): require_once('C:\\xamppp\\htdoc...')
#10 {main}
CRITICAL - 2021-11-30 05:39:00 --> Undefined array key "dok"
#0 C:\xamppp\htdocs\websurat\app\Views\suratkeluar\index.php(55): CodeIgniter\Debug\Exceptions->errorHandler(2, 'Undefined array...', 'C:\\xamppp\\htdoc...', 55)
#1 C:\xamppp\htdocs\websurat\vendor\codeigniter4\framework\system\View\View.php(230): include('C:\\xamppp\\htdoc...')
#2 C:\xamppp\htdocs\websurat\vendor\codeigniter4\framework\system\View\View.php(232): CodeIgniter\View\View->CodeIgniter\View\{closure}()
#3 C:\xamppp\htdocs\websurat\vendor\codeigniter4\framework\system\Common.php(1271): CodeIgniter\View\View->render('suratkeluar/ind...', Array, true)
#4 C:\xamppp\htdocs\websurat\app\Controllers\AdminSuratKeluarController.php(14): view('suratkeluar/ind...', Array)
#5 C:\xamppp\htdocs\websurat\vendor\codeigniter4\framework\system\CodeIgniter.php(928): App\Controllers\AdminSuratKeluarController->index()
#6 C:\xamppp\htdocs\websurat\vendor\codeigniter4\framework\system\CodeIgniter.php(436): CodeIgniter\CodeIgniter->runController(Object(App\Controllers\AdminSuratKeluarController))
#7 C:\xamppp\htdocs\websurat\vendor\codeigniter4\framework\system\CodeIgniter.php(336): CodeIgniter\CodeIgniter->handleRequest(NULL, Object(Config\Cache), false)
#8 C:\xamppp\htdocs\websurat\public\index.php(37): CodeIgniter\CodeIgniter->run()
#9 C:\xamppp\htdocs\websurat\vendor\codeigniter4\framework\system\Commands\Server\rewrite.php(45): require_once('C:\\xamppp\\htdoc...')
#10 {main}
CRITICAL - 2021-11-30 05:39:20 --> Undefined array key "dok"
#0 C:\xamppp\htdocs\websurat\app\Views\suratmasuk\index.php(55): CodeIgniter\Debug\Exceptions->errorHandler(2, 'Undefined array...', 'C:\\xamppp\\htdoc...', 55)
#1 C:\xamppp\htdocs\websurat\vendor\codeigniter4\framework\system\View\View.php(230): include('C:\\xamppp\\htdoc...')
#2 C:\xamppp\htdocs\websurat\vendor\codeigniter4\framework\system\View\View.php(232): CodeIgniter\View\View->CodeIgniter\View\{closure}()
#3 C:\xamppp\htdocs\websurat\vendor\codeigniter4\framework\system\Common.php(1271): CodeIgniter\View\View->render('suratmasuk/inde...', Array, true)
#4 C:\xamppp\htdocs\websurat\app\Controllers\AdminSuratMasukController.php(14): view('suratmasuk/inde...', Array)
#5 C:\xamppp\htdocs\websurat\vendor\codeigniter4\framework\system\CodeIgniter.php(928): App\Controllers\AdminSuratMasukController->index()
#6 C:\xamppp\htdocs\websurat\vendor\codeigniter4\framework\system\CodeIgniter.php(436): CodeIgniter\CodeIgniter->runController(Object(App\Controllers\AdminSuratMasukController))
#7 C:\xamppp\htdocs\websurat\vendor\codeigniter4\framework\system\CodeIgniter.php(336): CodeIgniter\CodeIgniter->handleRequest(NULL, Object(Config\Cache), false)
#8 C:\xamppp\htdocs\websurat\public\index.php(37): CodeIgniter\CodeIgniter->run()
#9 C:\xamppp\htdocs\websurat\vendor\codeigniter4\framework\system\Commands\Server\rewrite.php(45): require_once('C:\\xamppp\\htdoc...')
#10 {main}
CRITICAL - 2021-11-30 05:40:20 --> Undefined array key "dok"
#0 C:\xamppp\htdocs\websurat\app\Views\suratmasuk\index.php(55): CodeIgniter\Debug\Exceptions->errorHandler(2, 'Undefined array...', 'C:\\xamppp\\htdoc...', 55)
#1 C:\xamppp\htdocs\websurat\vendor\codeigniter4\framework\system\View\View.php(230): include('C:\\xamppp\\htdoc...')
#2 C:\xamppp\htdocs\websurat\vendor\codeigniter4\framework\system\View\View.php(232): CodeIgniter\View\View->CodeIgniter\View\{closure}()
#3 C:\xamppp\htdocs\websurat\vendor\codeigniter4\framework\system\Common.php(1271): CodeIgniter\View\View->render('suratmasuk/inde...', Array, true)
#4 C:\xamppp\htdocs\websurat\app\Controllers\AdminSuratMasukController.php(14): view('suratmasuk/inde...', Array)
#5 C:\xamppp\htdocs\websurat\vendor\codeigniter4\framework\system\CodeIgniter.php(928): App\Controllers\AdminSuratMasukController->index()
#6 C:\xamppp\htdocs\websurat\vendor\codeigniter4\framework\system\CodeIgniter.php(436): CodeIgniter\CodeIgniter->runController(Object(App\Controllers\AdminSuratMasukController))
#7 C:\xamppp\htdocs\websurat\vendor\codeigniter4\framework\system\CodeIgniter.php(336): CodeIgniter\CodeIgniter->handleRequest(NULL, Object(Config\Cache), false)
#8 C:\xamppp\htdocs\websurat\public\index.php(37): CodeIgniter\CodeIgniter->run()
#9 C:\xamppp\htdocs\websurat\vendor\codeigniter4\framework\system\Commands\Server\rewrite.php(45): require_once('C:\\xamppp\\htdoc...')
#10 {main}
CRITICAL - 2021-11-30 06:01:57 --> Undefined array key "dok"
#0 C:\xamppp\htdocs\websurat\app\Views\suratmasuk\index.php(55): CodeIgniter\Debug\Exceptions->errorHandler(2, 'Undefined array...', 'C:\\xamppp\\htdoc...', 55)
#1 C:\xamppp\htdocs\websurat\vendor\codeigniter4\framework\system\View\View.php(230): include('C:\\xamppp\\htdoc...')
#2 C:\xamppp\htdocs\websurat\vendor\codeigniter4\framework\system\View\View.php(232): CodeIgniter\View\View->CodeIgniter\View\{closure}()
#3 C:\xamppp\htdocs\websurat\vendor\codeigniter4\framework\system\Common.php(1271): CodeIgniter\View\View->render('suratmasuk/inde...', Array, true)
#4 C:\xamppp\htdocs\websurat\app\Controllers\AdminSuratMasukController.php(14): view('suratmasuk/inde...', Array)
#5 C:\xamppp\htdocs\websurat\vendor\codeigniter4\framework\system\CodeIgniter.php(928): App\Controllers\AdminSuratMasukController->index()
#6 C:\xamppp\htdocs\websurat\vendor\codeigniter4\framework\system\CodeIgniter.php(436): CodeIgniter\CodeIgniter->runController(Object(App\Controllers\AdminSuratMasukController))
#7 C:\xamppp\htdocs\websurat\vendor\codeigniter4\framework\system\CodeIgniter.php(336): CodeIgniter\CodeIgniter->handleRequest(NULL, Object(Config\Cache), false)
#8 C:\xamppp\htdocs\websurat\public\index.php(37): CodeIgniter\CodeIgniter->run()
#9 C:\xamppp\htdocs\websurat\vendor\codeigniter4\framework\system\Commands\Server\rewrite.php(45): require_once('C:\\xamppp\\htdoc...')
#10 {main}
CRITICAL - 2021-11-30 06:02:17 --> Undefined array key "dok"
#0 C:\xamppp\htdocs\websurat\app\Views\suratkeluar\index.php(55): CodeIgniter\Debug\Exceptions->errorHandler(2, 'Undefined array...', 'C:\\xamppp\\htdoc...', 55)
#1 C:\xamppp\htdocs\websurat\vendor\codeigniter4\framework\system\View\View.php(230): include('C:\\xamppp\\htdoc...')
#2 C:\xamppp\htdocs\websurat\vendor\codeigniter4\framework\system\View\View.php(232): CodeIgniter\View\View->CodeIgniter\View\{closure}()
#3 C:\xamppp\htdocs\websurat\vendor\codeigniter4\framework\system\Common.php(1271): CodeIgniter\View\View->render('suratkeluar/ind...', Array, true)
#4 C:\xamppp\htdocs\websurat\app\Controllers\AdminSuratKeluarController.php(14): view('suratkeluar/ind...', Array)
#5 C:\xamppp\htdocs\websurat\vendor\codeigniter4\framework\system\CodeIgniter.php(928): App\Controllers\AdminSuratKeluarController->index()
#6 C:\xamppp\htdocs\websurat\vendor\codeigniter4\framework\system\CodeIgniter.php(436): CodeIgniter\CodeIgniter->runController(Object(App\Controllers\AdminSuratKeluarController))
#7 C:\xamppp\htdocs\websurat\vendor\codeigniter4\framework\system\CodeIgniter.php(336): CodeIgniter\CodeIgniter->handleRequest(NULL, Object(Config\Cache), false)
#8 C:\xamppp\htdocs\websurat\public\index.php(37): CodeIgniter\CodeIgniter->run()
#9 C:\xamppp\htdocs\websurat\vendor\codeigniter4\framework\system\Commands\Server\rewrite.php(45): require_once('C:\\xamppp\\htdoc...')
#10 {main}
CRITICAL - 2021-11-30 06:05:26 --> Undefined array key "dok"
#0 C:\xamppp\htdocs\websurat\app\Views\suratmasuk\index.php(55): CodeIgniter\Debug\Exceptions->errorHandler(2, 'Undefined array...', 'C:\\xamppp\\htdoc...', 55)
#1 C:\xamppp\htdocs\websurat\vendor\codeigniter4\framework\system\View\View.php(230): include('C:\\xamppp\\htdoc...')
#2 C:\xamppp\htdocs\websurat\vendor\codeigniter4\framework\system\View\View.php(232): CodeIgniter\View\View->CodeIgniter\View\{closure}()
#3 C:\xamppp\htdocs\websurat\vendor\codeigniter4\framework\system\Common.php(1271): CodeIgniter\View\View->render('suratmasuk/inde...', Array, true)
#4 C:\xamppp\htdocs\websurat\app\Controllers\AdminSuratMasukController.php(14): view('suratmasuk/inde...', Array)
#5 C:\xamppp\htdocs\websurat\vendor\codeigniter4\framework\system\CodeIgniter.php(928): App\Controllers\AdminSuratMasukController->index()
#6 C:\xamppp\htdocs\websurat\vendor\codeigniter4\framework\system\CodeIgniter.php(436): CodeIgniter\CodeIgniter->runController(Object(App\Controllers\AdminSuratMasukController))
#7 C:\xamppp\htdocs\websurat\vendor\codeigniter4\framework\system\CodeIgniter.php(336): CodeIgniter\CodeIgniter->handleRequest(NULL, Object(Config\Cache), false)
#8 C:\xamppp\htdocs\websurat\public\index.php(37): CodeIgniter\CodeIgniter->run()
#9 C:\xamppp\htdocs\websurat\vendor\codeigniter4\framework\system\Commands\Server\rewrite.php(45): require_once('C:\\xamppp\\htdoc...')
#10 {main}
CRITICAL - 2021-11-30 06:16:25 --> Undefined array key "dok"
#0 C:\xamppp\htdocs\websurat\app\Views\suratmasuk\index.php(55): CodeIgniter\Debug\Exceptions->errorHandler(2, 'Undefined array...', 'C:\\xamppp\\htdoc...', 55)
#1 C:\xamppp\htdocs\websurat\vendor\codeigniter4\framework\system\View\View.php(230): include('C:\\xamppp\\htdoc...')
#2 C:\xamppp\htdocs\websurat\vendor\codeigniter4\framework\system\View\View.php(232): CodeIgniter\View\View->CodeIgniter\View\{closure}()
#3 C:\xamppp\htdocs\websurat\vendor\codeigniter4\framework\system\Common.php(1271): CodeIgniter\View\View->render('suratmasuk/inde...', Array, true)
#4 C:\xamppp\htdocs\websurat\app\Controllers\AdminSuratMasukController.php(14): view('suratmasuk/inde...', Array)
#5 C:\xamppp\htdocs\websurat\vendor\codeigniter4\framework\system\CodeIgniter.php(928): App\Controllers\AdminSuratMasukController->index()
#6 C:\xamppp\htdocs\websurat\vendor\codeigniter4\framework\system\CodeIgniter.php(436): CodeIgniter\CodeIgniter->runController(Object(App\Controllers\AdminSuratMasukController))
#7 C:\xamppp\htdocs\websurat\vendor\codeigniter4\framework\system\CodeIgniter.php(336): CodeIgniter\CodeIgniter->handleRequest(NULL, Object(Config\Cache), false)
#8 C:\xamppp\htdocs\websurat\public\index.php(37): CodeIgniter\CodeIgniter->run()
#9 C:\xamppp\htdocs\websurat\vendor\codeigniter4\framework\system\Commands\Server\rewrite.php(45): require_once('C:\\xamppp\\htdoc...')
#10 {main}
CRITICAL - 2021-11-30 06:20:00 --> Undefined array key "dok"
#0 C:\xamppp\htdocs\websurat\app\Views\suratmasuk\index.php(55): CodeIgniter\Debug\Exceptions->errorHandler(2, 'Undefined array...', 'C:\\xamppp\\htdoc...', 55)
#1 C:\xamppp\htdocs\websurat\vendor\codeigniter4\framework\system\View\View.php(230): include('C:\\xamppp\\htdoc...')
#2 C:\xamppp\htdocs\websurat\vendor\codeigniter4\framework\system\View\View.php(232): CodeIgniter\View\View->CodeIgniter\View\{closure}()
#3 C:\xamppp\htdocs\websurat\vendor\codeigniter4\framework\system\Common.php(1271): CodeIgniter\View\View->render('suratmasuk/inde...', Array, true)
#4 C:\xamppp\htdocs\websurat\app\Controllers\AdminSuratMasukController.php(14): view('suratmasuk/inde...', Array)
#5 C:\xamppp\htdocs\websurat\vendor\codeigniter4\framework\system\CodeIgniter.php(928): App\Controllers\AdminSuratMasukController->index()
#6 C:\xamppp\htdocs\websurat\vendor\codeigniter4\framework\system\CodeIgniter.php(436): CodeIgniter\CodeIgniter->runController(Object(App\Controllers\AdminSuratMasukController))
#7 C:\xamppp\htdocs\websurat\vendor\codeigniter4\framework\system\CodeIgniter.php(336): CodeIgniter\CodeIgniter->handleRequest(NULL, Object(Config\Cache), false)
#8 C:\xamppp\htdocs\websurat\public\index.php(37): CodeIgniter\CodeIgniter->run()
#9 C:\xamppp\htdocs\websurat\vendor\codeigniter4\framework\system\Commands\Server\rewrite.php(45): require_once('C:\\xamppp\\htdoc...')
#10 {main}
CRITICAL - 2021-11-30 07:56:23 --> Undefined array key "dok"
#0 C:\xamppp\htdocs\websurat\app\Views\suratmasuk\index.php(55): CodeIgniter\Debug\Exceptions->errorHandler(2, 'Undefined array...', 'C:\\xamppp\\htdoc...', 55)
#1 C:\xamppp\htdocs\websurat\vendor\codeigniter4\framework\system\View\View.php(230): include('C:\\xamppp\\htdoc...')
#2 C:\xamppp\htdocs\websurat\vendor\codeigniter4\framework\system\View\View.php(232): CodeIgniter\View\View->CodeIgniter\View\{closure}()
#3 C:\xamppp\htdocs\websurat\vendor\codeigniter4\framework\system\Common.php(1271): CodeIgniter\View\View->render('suratmasuk/inde...', Array, true)
#4 C:\xamppp\htdocs\websurat\app\Controllers\AdminSuratMasukController.php(14): view('suratmasuk/inde...', Array)
#5 C:\xamppp\htdocs\websurat\vendor\codeigniter4\framework\system\CodeIgniter.php(928): App\Controllers\AdminSuratMasukController->index()
#6 C:\xamppp\htdocs\websurat\vendor\codeigniter4\framework\system\CodeIgniter.php(436): CodeIgniter\CodeIgniter->runController(Object(App\Controllers\AdminSuratMasukController))
#7 C:\xamppp\htdocs\websurat\vendor\codeigniter4\framework\system\CodeIgniter.php(336): CodeIgniter\CodeIgniter->handleRequest(NULL, Object(Config\Cache), false)
#8 C:\xamppp\htdocs\websurat\public\index.php(37): CodeIgniter\CodeIgniter->run()
#9 C:\xamppp\htdocs\websurat\vendor\codeigniter4\framework\system\Commands\Server\rewrite.php(45): require_once('C:\\xamppp\\htdoc...')
#10 {main}
ERROR - 2021-11-30 08:22:44 --> Unknown column 'dok' in 'field list'
CRITICAL - 2021-11-30 08:22:44 --> Unknown column 'dok' in 'field list'
#0 C:\xamppp\htdocs\websurat\vendor\codeigniter4\framework\system\Database\MySQLi\Connection.php(329): mysqli->query('INSERT INTO `su...')
#1 C:\xamppp\htdocs\websurat\vendor\codeigniter4\framework\system\Database\BaseConnection.php(732): CodeIgniter\Database\MySQLi\Connection->execute('INSERT INTO `su...')
#2 C:\xamppp\htdocs\websurat\vendor\codeigniter4\framework\system\Database\BaseConnection.php(647): CodeIgniter\Database\BaseConnection->simpleQuery('INSERT INTO `su...')
#3 C:\xamppp\htdocs\websurat\vendor\codeigniter4\framework\system\Database\BaseBuilder.php(2277): CodeIgniter\Database\BaseConnection->query('INSERT INTO `su...', Array, false)
#4 C:\xamppp\htdocs\websurat\vendor\codeigniter4\framework\system\Model.php(259): CodeIgniter\Database\BaseBuilder->insert()
#5 C:\xamppp\htdocs\websurat\vendor\codeigniter4\framework\system\BaseModel.php(774): CodeIgniter\Model->doInsert(Array)
#6 C:\xamppp\htdocs\websurat\vendor\codeigniter4\framework\system\Model.php(686): CodeIgniter\BaseModel->insert(Array, true)
#7 C:\xamppp\htdocs\websurat\app\Controllers\AdminSuratMasukController.php(80): CodeIgniter\Model->insert(Array)
#8 C:\xamppp\htdocs\websurat\vendor\codeigniter4\framework\system\CodeIgniter.php(928): App\Controllers\AdminSuratMasukController->store()
#9 C:\xamppp\htdocs\websurat\vendor\codeigniter4\framework\system\CodeIgniter.php(436): CodeIgniter\CodeIgniter->runController(Object(App\Controllers\AdminSuratMasukController))
#10 C:\xamppp\htdocs\websurat\vendor\codeigniter4\framework\system\CodeIgniter.php(336): CodeIgniter\CodeIgniter->handleRequest(NULL, Object(Config\Cache), false)
#11 C:\xamppp\htdocs\websurat\public\index.php(37): CodeIgniter\CodeIgniter->run()
#12 C:\xamppp\htdocs\websurat\vendor\codeigniter4\framework\system\Commands\Server\rewrite.php(45): require_once('C:\\xamppp\\htdoc...')
#13 {main}
CRITICAL - 2021-11-30 08:49:09 --> syntax error, unexpected token "<<"
#0 C:\xamppp\htdocs\websurat\vendor\codeigniter4\framework\system\Autoloader\Autoloader.php(273): CodeIgniter\Autoloader\Autoloader->includeFile('C:\\xamppp\\htdoc...')
#1 C:\xamppp\htdocs\websurat\vendor\codeigniter4\framework\system\Autoloader\Autoloader.php(247): CodeIgniter\Autoloader\Autoloader->loadInNamespace('App\\Controllers...')
#2 [internal function]: CodeIgniter\Autoloader\Autoloader->loadClass('App\\Controllers...')
#3 C:\xamppp\htdocs\websurat\vendor\codeigniter4\framework\system\CodeIgniter.php(885): class_exists('\\App\\Controller...', true)
#4 C:\xamppp\htdocs\websurat\vendor\codeigniter4\framework\system\CodeIgniter.php(421): CodeIgniter\CodeIgniter->startController()
#5 C:\xamppp\htdocs\websurat\vendor\codeigniter4\framework\system\CodeIgniter.php(336): CodeIgniter\CodeIgniter->handleRequest(NULL, Object(Config\Cache), false)
#6 C:\xamppp\htdocs\websurat\public\index.php(37): CodeIgniter\CodeIgniter->run()
#7 C:\xamppp\htdocs\websurat\vendor\codeigniter4\framework\system\Commands\Server\rewrite.php(45): require_once('C:\\xamppp\\htdoc...')
#8 {main}
CRITICAL - 2021-11-30 08:49:11 --> syntax error, unexpected token "<<"
#0 C:\xamppp\htdocs\websurat\vendor\codeigniter4\framework\system\Autoloader\Autoloader.php(273): CodeIgniter\Autoloader\Autoloader->includeFile('C:\\xamppp\\htdoc...')
#1 C:\xamppp\htdocs\websurat\vendor\codeigniter4\framework\system\Autoloader\Autoloader.php(247): CodeIgniter\Autoloader\Autoloader->loadInNamespace('App\\Controllers...')
#2 [internal function]: CodeIgniter\Autoloader\Autoloader->loadClass('App\\Controllers...')
#3 C:\xamppp\htdocs\websurat\vendor\codeigniter4\framework\system\CodeIgniter.php(885): class_exists('\\App\\Controller...', true)
#4 C:\xamppp\htdocs\websurat\vendor\codeigniter4\framework\system\CodeIgniter.php(421): CodeIgniter\CodeIgniter->startController()
#5 C:\xamppp\htdocs\websurat\vendor\codeigniter4\framework\system\CodeIgniter.php(336): CodeIgniter\CodeIgniter->handleRequest(NULL, Object(Config\Cache), false)
#6 C:\xamppp\htdocs\websurat\public\index.php(37): CodeIgniter\CodeIgniter->run()
#7 C:\xamppp\htdocs\websurat\vendor\codeigniter4\framework\system\Commands\Server\rewrite.php(45): require_once('C:\\xamppp\\htdoc...')
#8 {main}
ERROR - 2021-11-30 09:36:59 --> Table 'user' already exists
ERROR - 2021-11-30 09:38:05 --> Table 'user' already exists
ERROR - 2021-11-30 09:38:54 --> Error connecting to the database: No connection could be made because the target machine actively refused it.

ERROR - 2021-11-30 09:39:09 --> Table 'user' already exists
ERROR - 2021-11-30 09:39:51 --> Table 'user' already exists
ERROR - 2021-11-30 09:41:36 --> Table '`mydatabase`.`migrations`' already exists
ERROR - 2021-11-30 09:49:35 --> Table 'user' already exists
